  Main.cpp
c:\users\0220481713038\desktop\aula_4\prgm_aula_4\prgm_aula_4\main.cpp(11): warning C4091: 'typedef ': ignored on left of 'aluno' when no variable is declared
c:\users\0220481713038\desktop\aula_4\prgm_aula_4\prgm_aula_4\main.cpp(16): error C2131: expression did not evaluate to a constant
  c:\users\0220481713038\desktop\aula_4\prgm_aula_4\prgm_aula_4\main.cpp(16): note: failure was caused by non-constant arguments or reference to a non-constant symbol
  c:\users\0220481713038\desktop\aula_4\prgm_aula_4\prgm_aula_4\main.cpp(16): note: see usage of 'pessoas'
c:\users\0220481713038\desktop\aula_4\prgm_aula_4\prgm_aula_4\main.cpp(32): error C2228: left of '.nome' must have class/struct/union
  c:\users\0220481713038\desktop\aula_4\prgm_aula_4\prgm_aula_4\main.cpp(32): note: type is 'aluno [pessoas]'
c:\users\0220481713038\desktop\aula_4\prgm_aula_4\prgm_aula_4\main.cpp(35): error C2228: left of '.curso' must have class/struct/union
  c:\users\0220481713038\desktop\aula_4\prgm_aula_4\prgm_aula_4\main.cpp(35): note: type is 'aluno [pessoas]'
c:\users\0220481713038\desktop\aula_4\prgm_aula_4\prgm_aula_4\main.cpp(38): error C2228: left of '.pago' must have class/struct/union
  c:\users\0220481713038\desktop\aula_4\prgm_aula_4\prgm_aula_4\main.cpp(38): note: type is 'aluno [pessoas]'
c:\users\0220481713038\desktop\aula_4\prgm_aula_4\prgm_aula_4\main.cpp(40): error C2228: left of '.pago' must have class/struct/union
  c:\users\0220481713038\desktop\aula_4\prgm_aula_4\prgm_aula_4\main.cpp(40): note: type is 'aluno [pessoas]'
c:\users\0220481713038\desktop\aula_4\prgm_aula_4\prgm_aula_4\main.cpp(71): error C2228: left of '.pago' must have class/struct/union
  c:\users\0220481713038\desktop\aula_4\prgm_aula_4\prgm_aula_4\main.cpp(71): note: type is 'aluno [pessoas]'
c:\users\0220481713038\desktop\aula_4\prgm_aula_4\prgm_aula_4\main.cpp(73): error C2228: left of '.nome' must have class/struct/union
  c:\users\0220481713038\desktop\aula_4\prgm_aula_4\prgm_aula_4\main.cpp(73): note: type is 'aluno [pessoas]'
c:\users\0220481713038\desktop\aula_4\prgm_aula_4\prgm_aula_4\main.cpp(73): error C2228: left of '.curso' must have class/struct/union
  c:\users\0220481713038\desktop\aula_4\prgm_aula_4\prgm_aula_4\main.cpp(73): note: type is 'aluno [pessoas]'
c:\users\0220481713038\desktop\aula_4\prgm_aula_4\prgm_aula_4\main.cpp(83): error C2228: left of '.pago' must have class/struct/union
  c:\users\0220481713038\desktop\aula_4\prgm_aula_4\prgm_aula_4\main.cpp(83): note: type is 'aluno [pessoas]'
c:\users\0220481713038\desktop\aula_4\prgm_aula_4\prgm_aula_4\main.cpp(85): error C2228: left of '.nome' must have class/struct/union
  c:\users\0220481713038\desktop\aula_4\prgm_aula_4\prgm_aula_4\main.cpp(85): note: type is 'aluno [pessoas]'
c:\users\0220481713038\desktop\aula_4\prgm_aula_4\prgm_aula_4\main.cpp(85): error C2228: left of '.curso' must have class/struct/union
  c:\users\0220481713038\desktop\aula_4\prgm_aula_4\prgm_aula_4\main.cpp(85): note: type is 'aluno [pessoas]'
c:\users\0220481713038\desktop\aula_4\prgm_aula_4\prgm_aula_4\main.cpp(20): error C4996: 'scanf': This function or variable may be unsafe. Consider using scanf_s instead. To disable deprecation, use _CRT_SECURE_NO_WARNINGS. See online help for details.
  c:\program files (x86)\windows kits\10\include\10.0.10240.0\ucrt\stdio.h(1270): note: see declaration of 'scanf'
c:\users\0220481713038\desktop\aula_4\prgm_aula_4\prgm_aula_4\main.cpp(32): warning C4473: 'scanf' : not enough arguments passed for format string
  c:\users\0220481713038\desktop\aula_4\prgm_aula_4\prgm_aula_4\main.cpp(32): note: placeholders and their parameters expect 1 variadic arguments, but 0 were provided
  c:\users\0220481713038\desktop\aula_4\prgm_aula_4\prgm_aula_4\main.cpp(32): note: the missing variadic argument 1 is required by format string '%s'
c:\users\0220481713038\desktop\aula_4\prgm_aula_4\prgm_aula_4\main.cpp(32): error C4996: 'scanf': This function or variable may be unsafe. Consider using scanf_s instead. To disable deprecation, use _CRT_SECURE_NO_WARNINGS. See online help for details.
  c:\program files (x86)\windows kits\10\include\10.0.10240.0\ucrt\stdio.h(1270): note: see declaration of 'scanf'
c:\users\0220481713038\desktop\aula_4\prgm_aula_4\prgm_aula_4\main.cpp(35): warning C4473: 'scanf' : not enough arguments passed for format string
  c:\users\0220481713038\desktop\aula_4\prgm_aula_4\prgm_aula_4\main.cpp(35): note: placeholders and their parameters expect 1 variadic arguments, but 0 were provided
  c:\users\0220481713038\desktop\aula_4\prgm_aula_4\prgm_aula_4\main.cpp(35): note: the missing variadic argument 1 is required by format string '%s'
c:\users\0220481713038\desktop\aula_4\prgm_aula_4\prgm_aula_4\main.cpp(35): error C4996: 'scanf': This function or variable may be unsafe. Consider using scanf_s instead. To disable deprecation, use _CRT_SECURE_NO_WARNINGS. See online help for details.
  c:\program files (x86)\windows kits\10\include\10.0.10240.0\ucrt\stdio.h(1270): note: see declaration of 'scanf'
c:\users\0220481713038\desktop\aula_4\prgm_aula_4\prgm_aula_4\main.cpp(38): warning C4473: 'scanf' : not enough arguments passed for format string
  c:\users\0220481713038\desktop\aula_4\prgm_aula_4\prgm_aula_4\main.cpp(38): note: placeholders and their parameters expect 1 variadic arguments, but 0 were provided
  c:\users\0220481713038\desktop\aula_4\prgm_aula_4\prgm_aula_4\main.cpp(38): note: the missing variadic argument 1 is required by format string '%d'
c:\users\0220481713038\desktop\aula_4\prgm_aula_4\prgm_aula_4\main.cpp(38): error C4996: 'scanf': This function or variable may be unsafe. Consider using scanf_s instead. To disable deprecation, use _CRT_SECURE_NO_WARNINGS. See online help for details.
  c:\program files (x86)\windows kits\10\include\10.0.10240.0\ucrt\stdio.h(1270): note: see declaration of 'scanf'
c:\users\0220481713038\desktop\aula_4\prgm_aula_4\prgm_aula_4\main.cpp(53): error C4996: 'scanf': This function or variable may be unsafe. Consider using scanf_s instead. To disable deprecation, use _CRT_SECURE_NO_WARNINGS. See online help for details.
  c:\program files (x86)\windows kits\10\include\10.0.10240.0\ucrt\stdio.h(1270): note: see declaration of 'scanf'
c:\users\0220481713038\desktop\aula_4\prgm_aula_4\prgm_aula_4\main.cpp(60): error C4996: 'scanf': This function or variable may be unsafe. Consider using scanf_s instead. To disable deprecation, use _CRT_SECURE_NO_WARNINGS. See online help for details.
  c:\program files (x86)\windows kits\10\include\10.0.10240.0\ucrt\stdio.h(1270): note: see declaration of 'scanf'
c:\users\0220481713038\desktop\aula_4\prgm_aula_4\prgm_aula_4\main.cpp(93): error C4996: 'scanf': This function or variable may be unsafe. Consider using scanf_s instead. To disable deprecation, use _CRT_SECURE_NO_WARNINGS. See online help for details.
  c:\program files (x86)\windows kits\10\include\10.0.10240.0\ucrt\stdio.h(1270): note: see declaration of 'scanf'
